[2023-06-28 14:20:19.988] [info]  version 1.0.0
[2023-06-28 14:20:39.748] [info]  version 1.0.0
[2023-06-28 14:20:43.669] [info]  checking-for-update-1
[2023-06-28 14:20:49.419] [info]  error-4
[2023-06-28 14:23:18.462] [info]  version 1.0.0
[2023-06-28 14:23:22.752] [info]  checking-for-update-1
[2023-06-28 14:23:28.796] [info]  error-4
[2023-06-28 14:24:00.521] [info]  version 1.0.0
[2023-06-28 14:24:04.808] [info]  checking-for-update-1
[2023-06-28 14:24:10.304] [info]  error-4
[2023-06-28 14:27:15.935] [info]  version 2.0.0
[2023-06-28 14:27:20.283] [info]  checking-for-update-1
[2023-06-28 14:27:28.682] [info]  update-not-available-3
[2023-06-28 14:34:41.050] [info]  version 2.0.0
[2023-06-28 14:34:41.174] [info]  checking-for-update-1
[2023-06-28 14:34:46.749] [info]  error-4
[2023-06-28 14:37:12.412] [info]  version 2.0.0
[2023-06-28 14:37:15.633] [info]  checking-for-update-1
[2023-06-28 14:37:23.399] [info]  update-not-available-3
[2023-06-28 14:37:53.947] [info]  version 2.0.0
[2023-06-28 14:37:57.018] [info]  checking-for-update-1
[2023-06-28 14:38:02.315] [info]  update-not-available-3
[2023-06-28 14:38:24.361] [info]  version 1.0.0
[2023-06-28 14:38:27.894] [info]  checking-for-update-1
[2023-06-28 14:38:34.118] [info]  update-available-2 {
  tag: '3.0.0',
  version: '2.0.0',
  files: [
    {
      url: 'vuetify_au_app-Setup-2.0.0.exe',
      sha512: 'fzegUFxeCMrcRVi/EuSz/mC21tLoqVQMh2oYGH+LdOwVI7wzafzfuCFnV9mVJMEQZJ5eFfLqeKMuFKDPTvTupA==',
      size: 62022519
    }
  ],
  path: 'vuetify_au_app-Setup-2.0.0.exe',
  sha512: 'fzegUFxeCMrcRVi/EuSz/mC21tLoqVQMh2oYGH+LdOwVI7wzafzfuCFnV9mVJMEQZJ5eFfLqeKMuFKDPTvTupA==',
  releaseDate: '2023-06-28T09:03:15.530Z',
  releaseName: '3.0.0',
  releaseNotes: '<p>The new release is available now 3.0.0</p>'
}
[2023-06-28 14:59:19.411] [info]  version 2.0.0
[2023-06-28 14:59:22.365] [info]  checking-for-update-1
[2023-06-28 14:59:29.233] [info]  update-not-available-3
[2023-06-28 15:03:03.332] [info]  version 2.0.0
[2023-06-28 15:03:03.469] [info]  checking-for-update-1
[2023-06-28 15:05:19.598] [info]  version 1.0.0
[2023-06-28 15:05:22.573] [info]  checking-for-update-1
[2023-06-28 15:05:29.407] [info]  update-available-2 {
  tag: '2.0.0',
  version: '2.0.0',
  files: [
    {
      url: 'vuetify_au_app-Setup-2.0.0.exe',
      sha512: 'cBAmvW6Ghz439CHwfDDLT3KpfbXa/DGYaqkusRLuila+w0EKndg9v47nCp7IJLSwHZuH3S/wGO2h6dWdw1hF0A==',
      size: 62022518
    }
  ],
  path: 'vuetify_au_app-Setup-2.0.0.exe',
  sha512: 'cBAmvW6Ghz439CHwfDDLT3KpfbXa/DGYaqkusRLuila+w0EKndg9v47nCp7IJLSwHZuH3S/wGO2h6dWdw1hF0A==',
  releaseDate: '2023-06-28T09:32:16.420Z',
  releaseName: '2.0.0',
  releaseNotes: '<p>New version is available now 2.0.0</p>'
}
[2023-06-28 15:06:11.639] [info]  version 1.0.0
[2023-06-28 15:06:14.547] [info]  checking-for-update-1
[2023-06-28 15:06:20.031] [info]  update-available-2 {
  tag: '2.0.0',
  version: '2.0.0',
  files: [
    {
      url: 'vuetify_au_app-Setup-2.0.0.exe',
      sha512: 'cBAmvW6Ghz439CHwfDDLT3KpfbXa/DGYaqkusRLuila+w0EKndg9v47nCp7IJLSwHZuH3S/wGO2h6dWdw1hF0A==',
      size: 62022518
    }
  ],
  path: 'vuetify_au_app-Setup-2.0.0.exe',
  sha512: 'cBAmvW6Ghz439CHwfDDLT3KpfbXa/DGYaqkusRLuila+w0EKndg9v47nCp7IJLSwHZuH3S/wGO2h6dWdw1hF0A==',
  releaseDate: '2023-06-28T09:32:16.420Z',
  releaseName: '2.0.0',
  releaseNotes: '<p>New version is available now 2.0.0</p>'
}
[2023-06-28 15:07:47.976] [info]  version 2.0.0
[2023-06-28 15:07:51.005] [info]  checking-for-update-1
[2023-06-28 15:07:56.208] [info]  update-not-available-3
[2023-06-28 16:59:24.926] [info]  version 2.0.0
[2023-06-28 16:59:27.833] [info]  checking-for-update-1 undefined
[2023-06-28 16:59:33.574] [info]  update-not-available-3 {
  tag: '2.0.0',
  version: '2.0.0',
  files: [
    {
      url: 'vuetify_au_app-Setup-2.0.0.exe',
      sha512: 'cBAmvW6Ghz439CHwfDDLT3KpfbXa/DGYaqkusRLuila+w0EKndg9v47nCp7IJLSwHZuH3S/wGO2h6dWdw1hF0A==',
      size: 62022518
    }
  ],
  path: 'vuetify_au_app-Setup-2.0.0.exe',
  sha512: 'cBAmvW6Ghz439CHwfDDLT3KpfbXa/DGYaqkusRLuila+w0EKndg9v47nCp7IJLSwHZuH3S/wGO2h6dWdw1hF0A==',
  releaseDate: '2023-06-28T09:32:16.420Z',
  releaseName: '2.0.0',
  releaseNotes: '<p>New version is available now 2.0.0</p>'
}
[2023-06-28 17:00:38.604] [info]  version 2.0.0
[2023-06-28 17:00:39.616] [info]  version 2.0.0
[2023-06-28 17:00:42.540] [info]  checking-for-update undefined
[2023-06-28 17:00:47.831] [info]  update-not-available-3 {
  tag: '2.0.0',
  version: '2.0.0',
  files: [
    {
      url: 'vuetify_au_app-Setup-2.0.0.exe',
      sha512: 'cBAmvW6Ghz439CHwfDDLT3KpfbXa/DGYaqkusRLuila+w0EKndg9v47nCp7IJLSwHZuH3S/wGO2h6dWdw1hF0A==',
      size: 62022518
    }
  ],
  path: 'vuetify_au_app-Setup-2.0.0.exe',
  sha512: 'cBAmvW6Ghz439CHwfDDLT3KpfbXa/DGYaqkusRLuila+w0EKndg9v47nCp7IJLSwHZuH3S/wGO2h6dWdw1hF0A==',
  releaseDate: '2023-06-28T09:32:16.420Z',
  releaseName: '2.0.0',
  releaseNotes: '<p>New version is available now 2.0.0</p>'
}
[2023-06-28 17:01:50.335] [info]  version 1.0.0
[2023-06-28 17:01:53.315] [info]  checking-for-update undefined
[2023-06-28 17:01:58.744] [info]  update-available {
  tag: '2.0.0',
  version: '2.0.0',
  files: [
    {
      url: 'vuetify_au_app-Setup-2.0.0.exe',
      sha512: 'cBAmvW6Ghz439CHwfDDLT3KpfbXa/DGYaqkusRLuila+w0EKndg9v47nCp7IJLSwHZuH3S/wGO2h6dWdw1hF0A==',
      size: 62022518
    }
  ],
  path: 'vuetify_au_app-Setup-2.0.0.exe',
  sha512: 'cBAmvW6Ghz439CHwfDDLT3KpfbXa/DGYaqkusRLuila+w0EKndg9v47nCp7IJLSwHZuH3S/wGO2h6dWdw1hF0A==',
  releaseDate: '2023-06-28T09:32:16.420Z',
  releaseName: '2.0.0',
  releaseNotes: '<p>New version is available now 2.0.0</p>'
}
[2023-06-28 17:01:58.755] [info]  error-4 Error: ENOENT: no such file or directory, open 'E:\jsframework\electron\vuetify_au_app\node_modules\electron\dist\resources\app-update.yml'
[2023-06-28 17:02:39.050] [info]  version 1.0.0
[2023-06-28 17:02:42.180] [info]  checking-for-update undefined
[2023-06-28 17:02:42.880] [info]  version 1.0.0
[2023-06-28 17:02:45.942] [info]  checking-for-update undefined
[2023-06-28 17:02:45.952] [info]  error-4 Error: ENOENT: no such file or directory, open 'E:\jsframework\electron\vuetify_au_app\node_modules\electron\dist\resources\app-update.yml'
[2023-06-28 17:03:28.651] [info]  version 1.0.0
[2023-06-28 17:04:31.833] [info]  version 1.0.0
[2023-06-28 17:04:33.792] [info]  version 1.0.0
[2023-06-28 17:04:36.593] [info]  checking-for-update undefined
[2023-06-28 17:04:42.156] [info]  update-available {
  tag: '2.0.0',
  version: '2.0.0',
  files: [
    {
      url: 'vuetify_au_app-Setup-2.0.0.exe',
      sha512: 'cBAmvW6Ghz439CHwfDDLT3KpfbXa/DGYaqkusRLuila+w0EKndg9v47nCp7IJLSwHZuH3S/wGO2h6dWdw1hF0A==',
      size: 62022518
    }
  ],
  path: 'vuetify_au_app-Setup-2.0.0.exe',
  sha512: 'cBAmvW6Ghz439CHwfDDLT3KpfbXa/DGYaqkusRLuila+w0EKndg9v47nCp7IJLSwHZuH3S/wGO2h6dWdw1hF0A==',
  releaseDate: '2023-06-28T09:32:16.420Z',
  releaseName: '2.0.0',
  releaseNotes: '<p>New version is available now 2.0.0</p>'
}
[2023-06-28 17:05:17.331] [info]  version 1.0.0
[2023-06-28 17:05:20.389] [info]  checking-for-update undefined
[2023-06-28 17:05:26.597] [info]  update-available {
  tag: '2.0.0',
  version: '2.0.0',
  files: [
    {
      url: 'vuetify_au_app-Setup-2.0.0.exe',
      sha512: 'cBAmvW6Ghz439CHwfDDLT3KpfbXa/DGYaqkusRLuila+w0EKndg9v47nCp7IJLSwHZuH3S/wGO2h6dWdw1hF0A==',
      size: 62022518
    }
  ],
  path: 'vuetify_au_app-Setup-2.0.0.exe',
  sha512: 'cBAmvW6Ghz439CHwfDDLT3KpfbXa/DGYaqkusRLuila+w0EKndg9v47nCp7IJLSwHZuH3S/wGO2h6dWdw1hF0A==',
  releaseDate: '2023-06-28T09:32:16.420Z',
  releaseName: '2.0.0',
  releaseNotes: '<p>New version is available now 2.0.0</p>'
}
[2023-06-28 17:05:31.826] [info]  version 1.0.0
[2023-06-29 21:46:57.943] [info]  version 1.0.0
[2023-06-29 21:47:01.155] [info]  checking-for-update undefined
[2023-06-29 21:47:09.339] [info]  update-available {
  tag: '2.0.0',
  version: '2.0.0',
  files: [
    {
      url: 'vuetify_au_app-Setup-2.0.0.exe',
      sha512: 'cBAmvW6Ghz439CHwfDDLT3KpfbXa/DGYaqkusRLuila+w0EKndg9v47nCp7IJLSwHZuH3S/wGO2h6dWdw1hF0A==',
      size: 62022518
    }
  ],
  path: 'vuetify_au_app-Setup-2.0.0.exe',
  sha512: 'cBAmvW6Ghz439CHwfDDLT3KpfbXa/DGYaqkusRLuila+w0EKndg9v47nCp7IJLSwHZuH3S/wGO2h6dWdw1hF0A==',
  releaseDate: '2023-06-28T09:32:16.420Z',
  releaseName: '2.0.0',
  releaseNotes: '<p>New version is available now 2.0.0</p>'
}
[2023-06-29 21:48:07.075] [info]  version 1.0.0
[2023-06-29 21:48:10.265] [info]  checking-for-update undefined
[2023-06-29 21:48:15.395] [info]  update-available {
  tag: '2.0.0',
  version: '2.0.0',
  files: [
    {
      url: 'vuetify_au_app-Setup-2.0.0.exe',
      sha512: 'cBAmvW6Ghz439CHwfDDLT3KpfbXa/DGYaqkusRLuila+w0EKndg9v47nCp7IJLSwHZuH3S/wGO2h6dWdw1hF0A==',
      size: 62022518
    }
  ],
  path: 'vuetify_au_app-Setup-2.0.0.exe',
  sha512: 'cBAmvW6Ghz439CHwfDDLT3KpfbXa/DGYaqkusRLuila+w0EKndg9v47nCp7IJLSwHZuH3S/wGO2h6dWdw1hF0A==',
  releaseDate: '2023-06-28T09:32:16.420Z',
  releaseName: '2.0.0',
  releaseNotes: '<p>New version is available now 2.0.0</p>'
}
[2023-06-29 21:54:26.372] [info]  version 1.0.0
[2023-06-29 21:54:29.405] [info]  checking-for-update undefined
[2023-06-29 21:54:35.796] [info]  update-available {
  tag: '3.0.0',
  version: '3.0.0',
  files: [
    {
      url: 'vuetify_au_app-Setup-3.0.0.exe',
      sha512: 'w+MeNHz/Ux+pgpq2QPCLV/+xeUexrPgwF3UQR/O00gZ8ahQnbr7WcugUnsyrjN0ZUg3wZ+Ok9ej/awOJou/wzw==',
      size: 62019925
    }
  ],
  path: 'vuetify_au_app-Setup-3.0.0.exe',
  sha512: 'w+MeNHz/Ux+pgpq2QPCLV/+xeUexrPgwF3UQR/O00gZ8ahQnbr7WcugUnsyrjN0ZUg3wZ+Ok9ej/awOJou/wzw==',
  releaseDate: '2023-06-29T16:20:59.854Z',
  releaseName: '3.0.0',
  releaseNotes: '<p>The new release is available. 3.0.0</p>'
}
[2023-06-30 12:54:14.157] [info]  version 1.0.0
[2023-06-30 12:54:19.490] [info]  checking-for-update undefined
[2023-06-30 12:54:30.650] [info]  update-available {
  tag: '3.0.0',
  version: '3.0.0',
  files: [
    {
      url: 'vuetify_au_app-Setup-3.0.0.exe',
      sha512: 'w+MeNHz/Ux+pgpq2QPCLV/+xeUexrPgwF3UQR/O00gZ8ahQnbr7WcugUnsyrjN0ZUg3wZ+Ok9ej/awOJou/wzw==',
      size: 62019925
    }
  ],
  path: 'vuetify_au_app-Setup-3.0.0.exe',
  sha512: 'w+MeNHz/Ux+pgpq2QPCLV/+xeUexrPgwF3UQR/O00gZ8ahQnbr7WcugUnsyrjN0ZUg3wZ+Ok9ej/awOJou/wzw==',
  releaseDate: '2023-06-29T16:20:59.854Z',
  releaseName: '3.0.0',
  releaseNotes: '<p>The new release is available. 3.0.0</p>'
}
[2023-06-30 12:55:57.253] [info]  version 3.0.0
[2023-06-30 12:56:01.454] [info]  checking-for-update undefined
[2023-06-30 12:56:10.495] [info]  update-not-available-3 {
  tag: '3.0.0',
  version: '3.0.0',
  files: [
    {
      url: 'vuetify_au_app-Setup-3.0.0.exe',
      sha512: 'w+MeNHz/Ux+pgpq2QPCLV/+xeUexrPgwF3UQR/O00gZ8ahQnbr7WcugUnsyrjN0ZUg3wZ+Ok9ej/awOJou/wzw==',
      size: 62019925
    }
  ],
  path: 'vuetify_au_app-Setup-3.0.0.exe',
  sha512: 'w+MeNHz/Ux+pgpq2QPCLV/+xeUexrPgwF3UQR/O00gZ8ahQnbr7WcugUnsyrjN0ZUg3wZ+Ok9ej/awOJou/wzw==',
  releaseDate: '2023-06-29T16:20:59.854Z',
  releaseName: '3.0.0',
  releaseNotes: '<p>The new release is available. 3.0.0</p>'
}
[2023-07-03 14:00:05.953] [info]  version 3.0.0
[2023-07-03 14:00:11.973] [info]  checking-for-update undefined
[2023-07-03 14:00:14.519] [info]  error-4 HttpError: 403 Forbidden
"method: GET url: https://provize-suite-au.s3.amazonaws.com/latest.yml?noCache=1h4ddv9gl\n\n          Data:\n          <?xml version=\"1.0\" encoding=\"UTF-8\"?>\n<Error><Code>AccessDenied</Code><Message>Access Denied</Message><RequestId>FNGXH6FJMF9AWGSP</RequestId><HostId>/kFuEQJ44dPcL/51/Rm1wv4ccLL9xs79u2rOwmZ7KlguSiutb6r58y63H50b24WhncE+sNRlc6I=</HostId></Error>\n          "
Headers: {
  "x-amz-request-id": "FNGXH6FJMF9AWGSP",
  "x-amz-id-2": "/kFuEQJ44dPcL/51/Rm1wv4ccLL9xs79u2rOwmZ7KlguSiutb6r58y63H50b24WhncE+sNRlc6I=",
  "content-type": "application/xml",
  "transfer-encoding": "chunked",
  "date": "Mon, 03 Jul 2023 08:30:13 GMT",
  "server": "AmazonS3"
}
    at createHttpError (webpack:///./node_modules/electron-updater/node_modules/builder-util-runtime/out/httpExecutor.js?:14:12)
    at IncomingMessage.eval (webpack:///./node_modules/electron-updater/node_modules/builder-util-runtime/out/httpExecutor.js?:147:28)
    at IncomingMessage.emit (events.js:315:20)
    at endReadableNT (internal/streams/readable.js:1327:12)
    at processTicksAndRejections (internal/process/task_queues.js:80:21)
[2023-07-03 15:15:21.649] [info]  version 3.0.0
[2023-07-03 15:15:27.138] [info]  checking-for-update undefined
[2023-07-03 15:15:33.949] [info]  error-4 Error: Cannot find latest.yml in the latest release artifacts (https://github.com/prajapatidk/vuetify_au_app/releases/download/3.0.0/latest.yml): HttpError: 404 
"method: GET url: https://github.com/prajapatidk/vuetify_au_app/releases/download/3.0.0/latest.yml\n\nPlease double check that your authentication token is correct. Due to security reasons, actual status maybe not reported, but 404.\n"
Headers: {
  "content-type": "text/plain; charset=utf-8",
  "content-length": "29",
  "server": "GitHub.com",
  "date": "Mon, 03 Jul 2023 09:45:33 GMT",
  "vary": "X-PJAX, X-PJAX-Container, Turbo-Visit, Turbo-Frame, Accept-Encoding, Accept, X-Requested-With",
  "cache-control": "no-cache",
  "strict-transport-security": "max-age=31536000; includeSubdomains; preload",
  "x-frame-options": "deny",
  "x-content-type-options": "nosniff",
  "x-xss-protection": "0",
  "referrer-policy": "no-referrer-when-downgrade",
  "content-security-policy": "default-src 'none'; base-uri 'self'; connect-src 'self'; form-action 'self'; img-src 'self' data:; script-src 'self'; style-src 'unsafe-inline'",
  "content-encoding": "gzip",
  "x-github-request-id": "6466:835A:F0FF60D:F4FCAE4:64A298BD",
  "via": "2.0 eae56ae3.1.6.0.22.g1-81200f3-l/github.com"
}
    at createHttpError (webpack:///./node_modules/electron-updater/node_modules/builder-util-runtime/out/httpExecutor.js?:14:12)
    at ElectronHttpExecutor.handleResponse (webpack:///./node_modules/electron-updater/node_modules/builder-util-runtime/out/httpExecutor.js?:116:20)
    at ClientRequest.eval (webpack:///./node_modules/electron-updater/node_modules/builder-util-runtime/out/httpExecutor.js?:82:26)
    at ClientRequest.emit (events.js:315:20)
    at SimpleURLLoaderWrapper.<anonymous> (electron/js2c/browser_init.js:105:6816)
    at SimpleURLLoaderWrapper.emit (events.js:315:20)
    at newError (webpack:///./node_modules/electron-updater/node_modules/builder-util-runtime/out/index.js?:47:19)
    at fetchData (webpack:///./node_modules/electron-updater/out/providers/GitHubProvider.js?:108:63)
    at async GitHubProvider.getLatestVersion (webpack:///./node_modules/electron-updater/out/providers/GitHubProvider.js?:115:23)
    at async NsisUpdater.getUpdateInfoAndProvider (webpack:///./node_modules/electron-updater/out/AppUpdater.js?:319:19)
    at async NsisUpdater.doCheckForUpdates (webpack:///./node_modules/electron-updater/out/AppUpdater.js?:333:24)
[2023-07-03 15:18:30.762] [info]  version 3.0.0
[2023-07-03 15:18:36.190] [info]  checking-for-update undefined
[2023-07-03 15:18:46.351] [info]  update-not-available-3 {
  tag: '3.0.0',
  version: '3.0.0',
  files: [
    {
      url: 'vuetify_au_app-Setup-3.0.0.exe',
      sha512: 'w+MeNHz/Ux+pgpq2QPCLV/+xeUexrPgwF3UQR/O00gZ8ahQnbr7WcugUnsyrjN0ZUg3wZ+Ok9ej/awOJou/wzw==',
      size: 62019925
    }
  ],
  path: 'vuetify_au_app-Setup-3.0.0.exe',
  sha512: 'w+MeNHz/Ux+pgpq2QPCLV/+xeUexrPgwF3UQR/O00gZ8ahQnbr7WcugUnsyrjN0ZUg3wZ+Ok9ej/awOJou/wzw==',
  releaseDate: '2023-06-29T16:20:59.854Z',
  releaseName: '3.0.0',
  releaseNotes: '<p>The new release is available. 3.0.0</p>'
}
[2023-07-03 15:25:47.284] [info]  version 3.0.0
[2023-07-03 15:25:52.719] [info]  checking-for-update undefined
[2023-07-03 16:04:49.310] [info]  version 1.0.0
[2023-07-03 16:04:56.556] [info]  checking-for-update undefined
[2023-07-03 16:04:56.624] [info]  error-4 Error: ENOENT: no such file or directory, open 'E:\jsframework\electron\vuetify_au_app\node_modules\electron\dist\resources\app-update.yml'
[2023-07-03 16:05:08.651] [info]  version 1.0.0
[2023-07-03 16:05:13.711] [info]  checking-for-update undefined
[2023-07-03 16:05:22.966] [info]  update-available {
  tag: '3.0.0',
  version: '3.0.0',
  files: [
    {
      url: 'vuetify_au_app-Setup-3.0.0.exe',
      sha512: 'w+MeNHz/Ux+pgpq2QPCLV/+xeUexrPgwF3UQR/O00gZ8ahQnbr7WcugUnsyrjN0ZUg3wZ+Ok9ej/awOJou/wzw==',
      size: 62019925
    }
  ],
  path: 'vuetify_au_app-Setup-3.0.0.exe',
  sha512: 'w+MeNHz/Ux+pgpq2QPCLV/+xeUexrPgwF3UQR/O00gZ8ahQnbr7WcugUnsyrjN0ZUg3wZ+Ok9ej/awOJou/wzw==',
  releaseDate: '2023-06-29T16:20:59.854Z',
  releaseName: '3.0.0',
  releaseNotes: '<p>The new release is available. 3.0.0</p>'
}
[2023-07-03 16:05:53.298] [info]  version 1.0.0
[2023-07-03 16:05:58.851] [info]  checking-for-update undefined
[2023-07-03 16:06:06.894] [info]  update-available {
  tag: '3.0.0',
  version: '3.0.0',
  files: [
    {
      url: 'vuetify_au_app-Setup-3.0.0.exe',
      sha512: 'w+MeNHz/Ux+pgpq2QPCLV/+xeUexrPgwF3UQR/O00gZ8ahQnbr7WcugUnsyrjN0ZUg3wZ+Ok9ej/awOJou/wzw==',
      size: 62019925
    }
  ],
  path: 'vuetify_au_app-Setup-3.0.0.exe',
  sha512: 'w+MeNHz/Ux+pgpq2QPCLV/+xeUexrPgwF3UQR/O00gZ8ahQnbr7WcugUnsyrjN0ZUg3wZ+Ok9ej/awOJou/wzw==',
  releaseDate: '2023-06-29T16:20:59.854Z',
  releaseName: '3.0.0',
  releaseNotes: '<p>The new release is available. 3.0.0</p>'
}
[2023-07-03 16:31:52.467] [info]  version 1.0.0
[2023-07-03 16:31:58.304] [info]  checking-for-update undefined
[2023-07-03 16:31:58.322] [info]  error-4 TypeError [ERR_INVALID_URL]: Invalid URL: latest.yml
    at onParseError (internal/url.js:259:9)
    at new URL (internal/url.js:335:5)
    at newUrlFromBase (webpack:///./node_modules/electron-updater/out/util.js?:20:20)
    at GenericProvider.getLatestVersion (webpack:///./node_modules/electron-updater/out/providers/GenericProvider.js?:20:54)
    at NsisUpdater.getUpdateInfoAndProvider (webpack:///./node_modules/electron-updater/out/AppUpdater.js?:319:32)
    at async NsisUpdater.doCheckForUpdates (webpack:///./node_modules/electron-updater/out/AppUpdater.js?:333:24)
[2023-07-03 16:32:30.781] [info]  version 1.0.0
[2023-07-03 16:32:36.304] [info]  checking-for-update undefined
[2023-07-03 16:32:36.331] [info]  error-4 Error: Protocol "e:" not supported
    at parseOptions (electron/js2c/browser_init.js:105:3160)
    at new ClientRequest (electron/js2c/browser_init.js:105:4484)
    at Object.request (electron/js2c/browser_init.js:105:8694)
    at ElectronHttpExecutor.createRequest (webpack:///./node_modules/electron-updater/out/electronHttpExecutor.js?:54:77)
    at eval (webpack:///./node_modules/electron-updater/node_modules/builder-util-runtime/out/httpExecutor.js?:80:34)
    at eval (webpack:///./node_modules/electron-updater/node_modules/builder-util-runtime/out/CancellationToken.js?:71:13)
    at new Promise (<anonymous>)
    at CancellationToken.createPromise (webpack:///./node_modules/electron-updater/node_modules/builder-util-runtime/out/CancellationToken.js?:53:16)
    at ElectronHttpExecutor.doApiRequest (webpack:///./node_modules/electron-updater/node_modules/builder-util-runtime/out/httpExecutor.js?:79:34)
    at ElectronHttpExecutor.request (webpack:///./node_modules/electron-updater/node_modules/builder-util-runtime/out/httpExecutor.js?:73:21)
[2023-07-03 18:10:18.107] [info]  version 1.0.0
[2023-07-03 18:10:24.045] [info]  checking-for-update undefined
[2023-07-03 18:10:26.967] [info]  error-4 HttpError: 403 Forbidden
"method: GET url: https://autoupdate-au.s3.ap-south-1.amazonaws.com/latest.yml/latest.yml?noCache=1h4ds9dpg\n\n          Data:\n          <?xml version=\"1.0\" encoding=\"UTF-8\"?>\n<Error><Code>AccessDenied</Code><Message>Access Denied</Message><RequestId>Y76VQA6BPA0C5N51</RequestId><HostId>xe3rOJsVYqib8qGnvL+UjiFxUqN6dAVRDKAba4OkgpT0uA20KHna2T/6+flTKg2SgnuzY2zYnSs=</HostId></Error>\n          "
Headers: {
  "x-amz-request-id": "Y76VQA6BPA0C5N51",
  "x-amz-id-2": "xe3rOJsVYqib8qGnvL+UjiFxUqN6dAVRDKAba4OkgpT0uA20KHna2T/6+flTKg2SgnuzY2zYnSs=",
  "content-type": "application/xml",
  "transfer-encoding": "chunked",
  "date": "Mon, 03 Jul 2023 12:40:26 GMT",
  "server": "AmazonS3"
}
    at createHttpError (webpack:///./node_modules/electron-updater/node_modules/builder-util-runtime/out/httpExecutor.js?:14:12)
    at IncomingMessage.eval (webpack:///./node_modules/electron-updater/node_modules/builder-util-runtime/out/httpExecutor.js?:147:28)
    at IncomingMessage.emit (events.js:315:20)
    at endReadableNT (internal/streams/readable.js:1327:12)
    at processTicksAndRejections (internal/process/task_queues.js:80:21)
[2023-07-03 18:16:19.496] [info]  version 1.0.0
[2023-07-03 18:16:25.622] [info]  checking-for-update undefined
[2023-07-03 18:16:28.297] [info]  error-4 HttpError: 403 Forbidden
"method: GET url: https://autoupdate-au.s3.ap-south-1.amazonaws.com/latest.yml/latest.yml?noCache=1h4dskerc\n\n          Data:\n          <?xml version=\"1.0\" encoding=\"UTF-8\"?>\n<Error><Code>AccessDenied</Code><Message>Access Denied</Message><RequestId>CK1T3X1PTKH925FF</RequestId><HostId>2ivHlUjAjUCK1cR1BEMnBt/hZdmdIfUmbnVAW0bX8YqIJwf/59lWUHbaWdHiUaIEtd47vlwX3fU=</HostId></Error>\n          "
Headers: {
  "x-amz-request-id": "CK1T3X1PTKH925FF",
  "x-amz-id-2": "2ivHlUjAjUCK1cR1BEMnBt/hZdmdIfUmbnVAW0bX8YqIJwf/59lWUHbaWdHiUaIEtd47vlwX3fU=",
  "content-type": "application/xml",
  "transfer-encoding": "chunked",
  "date": "Mon, 03 Jul 2023 12:46:27 GMT",
  "server": "AmazonS3"
}
    at createHttpError (webpack:///./node_modules/electron-updater/node_modules/builder-util-runtime/out/httpExecutor.js?:14:12)
    at IncomingMessage.eval (webpack:///./node_modules/electron-updater/node_modules/builder-util-runtime/out/httpExecutor.js?:147:28)
    at IncomingMessage.emit (events.js:315:20)
    at endReadableNT (internal/streams/readable.js:1327:12)
    at processTicksAndRejections (internal/process/task_queues.js:80:21)
[2023-07-03 18:16:43.164] [info]  version 1.0.0
[2023-07-03 18:16:48.311] [info]  version 1.0.0
[2023-07-03 18:16:53.789] [info]  checking-for-update undefined
[2023-07-03 18:16:56.261] [info]  update-available {
  version: '3.0.0',
  files: [
    {
      url: 'vuetify_au_app-Setup-3.0.0.exe',
      sha512: 'w+MeNHz/Ux+pgpq2QPCLV/+xeUexrPgwF3UQR/O00gZ8ahQnbr7WcugUnsyrjN0ZUg3wZ+Ok9ej/awOJou/wzw==',
      size: 62019925
    }
  ],
  path: 'vuetify_au_app-Setup-3.0.0.exe',
  sha512: 'w+MeNHz/Ux+pgpq2QPCLV/+xeUexrPgwF3UQR/O00gZ8ahQnbr7WcugUnsyrjN0ZUg3wZ+Ok9ej/awOJou/wzw==',
  releaseDate: '2023-06-29T16:20:59.854Z'
}
[2023-07-03 18:30:34.125] [info]  version 3.0.0
[2023-07-03 18:30:39.468] [info]  checking-for-update undefined
[2023-07-03 18:30:42.017] [info]  update-not-available-3 {
  version: '3.0.0',
  files: [
    {
      url: 'vuetify_au_app-Setup-3.0.0.exe',
      sha512: 'w+MeNHz/Ux+pgpq2QPCLV/+xeUexrPgwF3UQR/O00gZ8ahQnbr7WcugUnsyrjN0ZUg3wZ+Ok9ej/awOJou/wzw==',
      size: 62019925
    }
  ],
  path: 'vuetify_au_app-Setup-3.0.0.exe',
  sha512: 'w+MeNHz/Ux+pgpq2QPCLV/+xeUexrPgwF3UQR/O00gZ8ahQnbr7WcugUnsyrjN0ZUg3wZ+Ok9ej/awOJou/wzw==',
  releaseDate: '2023-06-29T16:20:59.854Z'
}
[2023-07-03 18:33:33.544] [info]  version 3.0.0
[2023-07-03 18:33:38.916] [info]  checking-for-update undefined
[2023-07-03 18:33:41.490] [info]  update-not-available-3 {
  version: '3.0.0',
  files: [
    {
      url: 'vuetify_au_app-Setup-3.0.0.exe',
      sha512: 'w+MeNHz/Ux+pgpq2QPCLV/+xeUexrPgwF3UQR/O00gZ8ahQnbr7WcugUnsyrjN0ZUg3wZ+Ok9ej/awOJou/wzw==',
      size: 62019925
    }
  ],
  path: 'vuetify_au_app-Setup-3.0.0.exe',
  sha512: 'w+MeNHz/Ux+pgpq2QPCLV/+xeUexrPgwF3UQR/O00gZ8ahQnbr7WcugUnsyrjN0ZUg3wZ+Ok9ej/awOJou/wzw==',
  releaseDate: '2023-06-29T16:20:59.854Z'
}
[2023-07-03 18:34:45.010] [info]  version 2.0.0
[2023-07-03 18:34:50.278] [info]  checking-for-update undefined
[2023-07-03 18:34:52.877] [info]  update-available {
  version: '3.0.0',
  files: [
    {
      url: 'vuetify_au_app-Setup-3.0.0.exe',
      sha512: 'w+MeNHz/Ux+pgpq2QPCLV/+xeUexrPgwF3UQR/O00gZ8ahQnbr7WcugUnsyrjN0ZUg3wZ+Ok9ej/awOJou/wzw==',
      size: 62019925
    }
  ],
  path: 'vuetify_au_app-Setup-3.0.0.exe',
  sha512: 'w+MeNHz/Ux+pgpq2QPCLV/+xeUexrPgwF3UQR/O00gZ8ahQnbr7WcugUnsyrjN0ZUg3wZ+Ok9ej/awOJou/wzw==',
  releaseDate: '2023-06-29T16:20:59.854Z'
}
[2023-07-04 11:20:06.411] [info]  version 2.0.0
[2023-07-04 11:20:09.875] [info]  checking-for-update undefined
[2023-07-04 11:20:11.340] [info]  update-available {
  version: '3.0.0',
  files: [
    {
      url: 'vuetify_au_app-Setup-3.0.0.exe',
      sha512: 'w+MeNHz/Ux+pgpq2QPCLV/+xeUexrPgwF3UQR/O00gZ8ahQnbr7WcugUnsyrjN0ZUg3wZ+Ok9ej/awOJou/wzw==',
      size: 62019925
    }
  ],
  path: 'vuetify_au_app-Setup-3.0.0.exe',
  sha512: 'w+MeNHz/Ux+pgpq2QPCLV/+xeUexrPgwF3UQR/O00gZ8ahQnbr7WcugUnsyrjN0ZUg3wZ+Ok9ej/awOJou/wzw==',
  releaseDate: '2023-06-29T16:20:59.854Z'
}
[2023-07-05 12:43:06.785] [info]  version 1.0.0
[2023-07-05 12:43:09.947] [info]  checking-for-update undefined
[2023-07-05 12:43:11.663] [info]  update-available {
  version: '1.4.0',
  files: [
    {
      url: 'Provize Suite Setup 1.4.0.exe',
      sha512: 'dLMX9nxbiMXqvq2LBwAzrujgVhvTObOcJ1qzaCGrqT4EJZ2mIJ7B7XY7d4upGeYisSKfLiFx3U/4NFae10TiWA==',
      size: 73661015
    }
  ],
  path: 'Provize Suite Setup 1.4.0.exe',
  sha512: 'dLMX9nxbiMXqvq2LBwAzrujgVhvTObOcJ1qzaCGrqT4EJZ2mIJ7B7XY7d4upGeYisSKfLiFx3U/4NFae10TiWA==',
  releaseDate: '2023-07-05T05:53:00.372Z'
}
[2023-07-05 13:58:51.606] [info]  version 1.0.0
[2023-07-05 13:58:54.612] [info]  checking-for-update undefined
[2023-07-05 13:58:57.636] [info]  error-4 HttpError: 404 
"method: GET url: https://github.com/prajapatidk/undefined/releases.atom\n\nPlease double check that your authentication token is correct. Due to security reasons, actual status maybe not reported, but 404.\n"
Headers: {
  "content-type": "text/plain; charset=utf-8",
  "content-length": "40",
  "server": "GitHub.com",
  "date": "Wed, 05 Jul 2023 08:28:57 GMT",
  "vary": "X-PJAX, X-PJAX-Container, Turbo-Visit, Turbo-Frame, Accept-Encoding, Accept, X-Requested-With",
  "cache-control": "no-cache",
  "strict-transport-security": "max-age=31536000; includeSubdomains; preload",
  "x-frame-options": "deny",
  "x-content-type-options": "nosniff",
  "x-xss-protection": "0",
  "referrer-policy": "origin-when-cross-origin, strict-origin-when-cross-origin",
  "content-security-policy": "default-src 'none'; base-uri 'self'; connect-src 'self'; form-action 'self'; img-src 'self' data:; script-src 'self'; style-src 'unsafe-inline'",
  "content-encoding": "gzip",
  "set-cookie": [
    "_gh_sess=U1TraFyl365zrkTflDoO4Bk1Ngw9smrX5NVyv75ODj1lK3HG1AQhoFu0VZoSlatRRp%2ByQgQdOVeaWY8eYN38fMdvZL99wKO2%2FAtC7KFRSGnK5HoGdG20vmQTCCD2LyEROYnFLCcMmxEasw%2FhufY8q0TUEhxQxCKE9TL9gfgznSVCx%2FEq%2BO3SbmyUYsq3F9eXTY4kn6o92cxatOMfwv6RE7TkoDfpkMtf8Ol9v%2BE%2BqRUhcK0ndrkwn%2FSBxpemyRoOqI%2BzhbsitZGqQ%2BseKjp5rA%3D%3D--p7EN0%2BxY59bA6YJj--r0x8xmgjDXCs4UXgsKdEGA%3D%3D; Path=/; HttpOnly; Secure; SameSite=Lax",
    "_octo=GH1.1.1725856053.1688545737; Path=/; Domain=github.com; Expires=Fri, 05 Jul 2024 08:28:57 GMT; Secure; SameSite=Lax",
    "logged_in=no; Path=/; Domain=github.com; Expires=Fri, 05 Jul 2024 08:28:57 GMT; HttpOnly; Secure; SameSite=Lax"
  ],
  "x-github-request-id": "6CEC:1964:22DE410:273E95D:64A529C9",
  "via": "2.0 eae56ae3.1.6.0.22.g1-81200f3-l/github.com"
}
    at createHttpError (webpack:///./node_modules/electron-updater/node_modules/builder-util-runtime/out/httpExecutor.js?:14:12)
    at ElectronHttpExecutor.handleResponse (webpack:///./node_modules/electron-updater/node_modules/builder-util-runtime/out/httpExecutor.js?:116:20)
    at ClientRequest.eval (webpack:///./node_modules/electron-updater/node_modules/builder-util-runtime/out/httpExecutor.js?:82:26)
    at ClientRequest.emit (events.js:315:20)
    at SimpleURLLoaderWrapper.<anonymous> (electron/js2c/browser_init.js:105:6816)
    at SimpleURLLoaderWrapper.emit (events.js:315:20)
[2023-07-05 13:59:02.425] [info]  version 1.0.0
[2023-07-05 13:59:05.466] [info]  checking-for-update undefined
[2023-07-05 13:59:07.803] [info]  error-4 HttpError: 404 
"method: GET url: https://github.com/prajapatidk/undefined/releases.atom\n\nPlease double check that your authentication token is correct. Due to security reasons, actual status maybe not reported, but 404.\n"
Headers: {
  "content-type": "text/plain; charset=utf-8",
  "content-length": "40",
  "server": "GitHub.com",
  "date": "Wed, 05 Jul 2023 08:28:57 GMT",
  "vary": "X-PJAX, X-PJAX-Container, Turbo-Visit, Turbo-Frame, Accept-Encoding, Accept, X-Requested-With",
  "cache-control": "no-cache",
  "strict-transport-security": "max-age=31536000; includeSubdomains; preload",
  "x-frame-options": "deny",
  "x-content-type-options": "nosniff",
  "x-xss-protection": "0",
  "referrer-policy": "origin-when-cross-origin, strict-origin-when-cross-origin",
  "content-security-policy": "default-src 'none'; base-uri 'self'; connect-src 'self'; form-action 'self'; img-src 'self' data:; script-src 'self'; style-src 'unsafe-inline'",
  "content-encoding": "gzip",
  "set-cookie": [
    "_gh_sess=%2Feh8mGModzgwFmvqcWpSAjRdd70%2B%2Bf3NuCLJcpIinH8lXO2Ih6495Wz0J5A39qelfL0NibP5REwz0VCK%2B2S0MxWQf8qhSTjFQapvSjy1HaHwdM%2ByXzhJ4dfjbaXocicydr61Bqv4WIMKziKcHSyqYQjliAcEvivUSF%2FvVTzQ%2BtPOF%2FtBoYZU2etHOnPjSbxcKkxppHJJg2vfghw7GyT9l05Rl0xzBBbC9thG4REf6Q6YAzLYk7RT9qgfpxUEhdOesoBh2B4QhztcYSWYznGesg%3D%3D--jGJB5VkhOnXYTz%2FO--MyKS0%2BmFw69ByEY8z1JV6g%3D%3D; Path=/; HttpOnly; Secure; SameSite=Lax",
    "_octo=GH1.1.839376965.1688545747; Path=/; Domain=github.com; Expires=Fri, 05 Jul 2024 08:29:07 GMT; Secure; SameSite=Lax",
    "logged_in=no; Path=/; Domain=github.com; Expires=Fri, 05 Jul 2024 08:29:07 GMT; HttpOnly; Secure; SameSite=Lax"
  ],
  "x-github-request-id": "6F6A:379F:2B52656:30ACCED:64A529D3",
  "via": "2.0 eae56ae3.1.6.0.22.g1-81200f3-l/github.com"
}
    at createHttpError (webpack:///./node_modules/electron-updater/node_modules/builder-util-runtime/out/httpExecutor.js?:14:12)
    at ElectronHttpExecutor.handleResponse (webpack:///./node_modules/electron-updater/node_modules/builder-util-runtime/out/httpExecutor.js?:116:20)
    at ClientRequest.eval (webpack:///./node_modules/electron-updater/node_modules/builder-util-runtime/out/httpExecutor.js?:82:26)
    at ClientRequest.emit (events.js:315:20)
    at SimpleURLLoaderWrapper.<anonymous> (electron/js2c/browser_init.js:105:6816)
    at SimpleURLLoaderWrapper.emit (events.js:315:20)
[2023-07-05 13:59:49.783] [info]  version 1.0.0
[2023-07-05 13:59:52.683] [info]  checking-for-update undefined
[2023-07-05 13:59:52.774] [info]  error-4 Error: ENOENT: no such file or directory, open 'E:\jsframework\electron\vuetify_au_app\node_modules\electron\dist\resources\app-update.yml'
[2023-07-05 14:01:17.789] [info]  version 1.0.0
[2023-07-05 14:01:20.794] [info]  checking-for-update undefined
[2023-07-05 14:01:20.816] [info]  error-4 Error: ENOENT: no such file or directory, open 'E:\jsframework\electron\vuetify_au_app\node_modules\electron\dist\resources\app-update.yml'
[2023-07-05 14:02:36.550] [info]  version 1.0.0
[2023-07-05 14:02:39.599] [info]  checking-for-update undefined
[2023-07-05 14:02:39.608] [info]  error-4 Error: ENOENT: no such file or directory, open 'E:\jsframework\electron\vuetify_au_app\node_modules\electron\dist\resources\app-update.yml'
[2023-07-05 14:04:09.847] [info]  version 1.0.0
[2023-07-05 14:04:12.800] [info]  checking-for-update undefined
[2023-07-05 14:04:12.810] [info]  error-4 Error: ENOENT: no such file or directory, open 'E:\jsframework\electron\vuetify_au_app\node_modules\electron\dist\resources\app-update.yml'
[2023-07-05 14:07:21.937] [info]  version 1.0.0
[2023-07-05 14:07:24.828] [info]  checking-for-update undefined
[2023-07-05 14:07:27.730] [info]  version 1.0.0
[2023-07-05 14:07:30.668] [info]  checking-for-update undefined
[2023-07-05 14:07:30.677] [info]  error-4 Error: ENOENT: no such file or directory, open 'E:\jsframework\electron\vuetify_au_app\node_modules\electron\dist\resources\app-update.yml'
[2023-07-05 14:09:18.558] [info]  version 1.0.0
[2023-07-05 14:09:21.436] [info]  checking-for-update undefined
[2023-07-05 14:09:28.268] [info]  update-available {
  tag: '2.0.0',
  version: '2.0.0',
  files: [
    {
      url: 'vuetify_au_app-Setup-2.0.0.exe',
      sha512: '2TdvJdl51TQogAPTsY0ZMNm6TDhpFXyG/hKgm2qhHwWlZ/+aYFLjyVV5PvrYogMaru2kgUTLg1Ig9Nxb9k8Zdg==',
      size: 62020760
    }
  ],
  path: 'vuetify_au_app-Setup-2.0.0.exe',
  sha512: '2TdvJdl51TQogAPTsY0ZMNm6TDhpFXyG/hKgm2qhHwWlZ/+aYFLjyVV5PvrYogMaru2kgUTLg1Ig9Nxb9k8Zdg==',
  releaseDate: '2023-07-05T08:26:26.657Z',
  releaseName: '2.0.0',
  releaseNotes: '<p>This is new version 2.0.0</p>'
}
[2023-07-05 14:10:17.292] [info]  version 1.0.0
[2023-07-05 14:10:20.323] [info]  checking-for-update undefined
[2023-07-05 14:11:46.013] [info]  version 1.0.0
[2023-07-05 14:11:48.856] [info]  checking-for-update undefined
[2023-07-05 14:11:54.621] [info]  update-available {
  tag: '2.0.0',
  version: '2.0.0',
  files: [
    {
      url: 'vuetify_au_app-Setup-2.0.0.exe',
      sha512: '2TdvJdl51TQogAPTsY0ZMNm6TDhpFXyG/hKgm2qhHwWlZ/+aYFLjyVV5PvrYogMaru2kgUTLg1Ig9Nxb9k8Zdg==',
      size: 62020760
    }
  ],
  path: 'vuetify_au_app-Setup-2.0.0.exe',
  sha512: '2TdvJdl51TQogAPTsY0ZMNm6TDhpFXyG/hKgm2qhHwWlZ/+aYFLjyVV5PvrYogMaru2kgUTLg1Ig9Nxb9k8Zdg==',
  releaseDate: '2023-07-05T08:26:26.657Z',
  releaseName: '2.0.0',
  releaseNotes: '<p>This is new version 2.0.0</p>'
}
[2023-07-05 14:13:24.410] [info]  version 1.0.0
[2023-07-05 14:13:27.405] [info]  checking-for-update undefined
[2023-07-05 14:13:33.449] [info]  update-available {
  tag: '2.0.0',
  version: '2.0.0',
  files: [
    {
      url: 'vuetify_au_app-Setup-2.0.0.exe',
      sha512: '2TdvJdl51TQogAPTsY0ZMNm6TDhpFXyG/hKgm2qhHwWlZ/+aYFLjyVV5PvrYogMaru2kgUTLg1Ig9Nxb9k8Zdg==',
      size: 62020760
    }
  ],
  path: 'vuetify_au_app-Setup-2.0.0.exe',
  sha512: '2TdvJdl51TQogAPTsY0ZMNm6TDhpFXyG/hKgm2qhHwWlZ/+aYFLjyVV5PvrYogMaru2kgUTLg1Ig9Nxb9k8Zdg==',
  releaseDate: '2023-07-05T08:26:26.657Z',
  releaseName: '2.0.0',
  releaseNotes: '<p>This is new version 2.0.0</p>'
}
[2023-07-05 14:13:35.146] [info]  error-4 Error: Cannot download "https://github.com/prajapatidk/vuetify_au_app/releases/download/2.0.0/vuetify_au_app-Setup-2.0.0.exe", status 404: 
    at ClientRequest.eval (webpack:///./node_modules/electron-updater/node_modules/builder-util-runtime/out/httpExecutor.js?:204:34)
    at ClientRequest.emit (events.js:315:20)
    at SimpleURLLoaderWrapper.<anonymous> (electron/js2c/browser_init.js:105:6816)
    at SimpleURLLoaderWrapper.emit (events.js:315:20)
[2023-07-05 14:16:04.068] [info]  version 1.0.0
[2023-07-05 14:16:07.027] [info]  checking-for-update undefined
[2023-07-05 14:16:12.555] [info]  update-available {
  tag: '2.0.0',
  version: '2.0.0',
  files: [
    {
      url: 'vuetify_au_app-Setup-2.0.0.exe',
      sha512: '2TdvJdl51TQogAPTsY0ZMNm6TDhpFXyG/hKgm2qhHwWlZ/+aYFLjyVV5PvrYogMaru2kgUTLg1Ig9Nxb9k8Zdg==',
      size: 62020760
    }
  ],
  path: 'vuetify_au_app-Setup-2.0.0.exe',
  sha512: '2TdvJdl51TQogAPTsY0ZMNm6TDhpFXyG/hKgm2qhHwWlZ/+aYFLjyVV5PvrYogMaru2kgUTLg1Ig9Nxb9k8Zdg==',
  releaseDate: '2023-07-05T08:26:26.657Z',
  releaseName: '2.0.0',
  releaseNotes: '<p>This is new version 2.0.0</p>'
}
[2023-07-05 14:16:13.510] [info]  error-4 Error: Cannot download "https://github.com/prajapatidk/vuetify_au_app/releases/download/2.0.0/vuetify_au_app-Setup-2.0.0.exe", status 404: 
    at ClientRequest.eval (webpack:///./node_modules/electron-updater/node_modules/builder-util-runtime/out/httpExecutor.js?:204:34)
    at ClientRequest.emit (events.js:315:20)
    at SimpleURLLoaderWrapper.<anonymous> (electron/js2c/browser_init.js:105:6816)
    at SimpleURLLoaderWrapper.emit (events.js:315:20)
[2023-07-05 14:18:47.906] [info]  version 1.0.0
[2023-07-05 14:18:50.814] [info]  checking-for-update undefined
[2023-07-05 14:18:56.572] [info]  update-available {
  tag: '2.0.0',
  version: '2.0.0',
  files: [
    {
      url: 'vuetify_au_app-Setup-2.0.0.exe',
      sha512: 'q13ndd2wp+kvqUj5n6XWTJWgiosUUpIAtwKSE4LuNtVSLY772bUuQ8XpAbYlwpStcSMnfMcL6/pEONh0PETsdQ==',
      size: 62022353
    }
  ],
  path: 'vuetify_au_app-Setup-2.0.0.exe',
  sha512: 'q13ndd2wp+kvqUj5n6XWTJWgiosUUpIAtwKSE4LuNtVSLY772bUuQ8XpAbYlwpStcSMnfMcL6/pEONh0PETsdQ==',
  releaseDate: '2023-07-05T08:47:43.508Z',
  releaseName: '2.0.0',
  releaseNotes: '<p>Now new version is available 2.0.0</p>'
}
[2023-07-05 14:18:57.494] [info]  error-4 Error: Cannot download "https://github.com/prajapatidk/vuetify_au_app/releases/download/2.0.0/vuetify_au_app-Setup-2.0.0.exe", status 404: 
    at ClientRequest.eval (webpack:///./node_modules/electron-updater/node_modules/builder-util-runtime/out/httpExecutor.js?:204:34)
    at ClientRequest.emit (events.js:315:20)
    at SimpleURLLoaderWrapper.<anonymous> (electron/js2c/browser_init.js:105:6816)
    at SimpleURLLoaderWrapper.emit (events.js:315:20)
[2023-07-05 14:23:09.068] [info]  version 1.0.0
[2023-07-05 14:23:12.001] [info]  checking-for-update undefined
[2023-07-05 14:23:17.446] [info]  update-available {
  tag: '2.0.0',
  version: '2.0.0',
  files: [
    {
      url: 'vuetify_au_app-Setup-2.0.0.exe',
      sha512: 'q13ndd2wp+kvqUj5n6XWTJWgiosUUpIAtwKSE4LuNtVSLY772bUuQ8XpAbYlwpStcSMnfMcL6/pEONh0PETsdQ==',
      size: 62022353
    }
  ],
  path: 'vuetify_au_app-Setup-2.0.0.exe',
  sha512: 'q13ndd2wp+kvqUj5n6XWTJWgiosUUpIAtwKSE4LuNtVSLY772bUuQ8XpAbYlwpStcSMnfMcL6/pEONh0PETsdQ==',
  releaseDate: '2023-07-05T08:47:43.508Z',
  releaseName: '2.0.0',
  releaseNotes: '<p>Now new version is available 2.0.0</p>'
}
[2023-07-05 14:23:18.284] [info]  error-4 Error: Cannot download "https://github.com/prajapatidk/vuetify_au_app/releases/download/2.0.0/vuetify_au_app-Setup-2.0.0.exe", status 404: 
    at ClientRequest.eval (webpack:///./node_modules/electron-updater/node_modules/builder-util-runtime/out/httpExecutor.js?:204:34)
    at ClientRequest.emit (events.js:315:20)
    at SimpleURLLoaderWrapper.<anonymous> (electron/js2c/browser_init.js:105:6816)
    at SimpleURLLoaderWrapper.emit (events.js:315:20)
[2023-07-05 14:30:58.280] [info]  version 2.0.0
[2023-07-05 14:31:01.257] [info]  checking-for-update undefined
[2023-07-05 14:31:07.337] [info]  update-available {
  tag: '3.0.0',
  version: '3.0.0',
  files: [
    {
      url: 'vuetify_au_app-Setup-3.0.0.exe',
      sha512: 'Av5jaQFNnMQMlQa0W8prop6Yh5hDAgYNS/D61Zm4Ab0rpG05Y7i7xEdW8HDPk74kj8nJ7RFzESz3eZJC4h6FRg==',
      size: 62022285
    }
  ],
  path: 'vuetify_au_app-Setup-3.0.0.exe',
  sha512: 'Av5jaQFNnMQMlQa0W8prop6Yh5hDAgYNS/D61Zm4Ab0rpG05Y7i7xEdW8HDPk74kj8nJ7RFzESz3eZJC4h6FRg==',
  releaseDate: '2023-07-05T08:56:28.214Z',
  releaseName: '3.0.0',
  releaseNotes: '<p>new version 3.0.0</p>'
}
[2023-07-05 14:31:08.567] [info]  error-4 Error: Cannot download "https://github.com/prajapatidk/vuetify_au_app/releases/download/3.0.0/vuetify_au_app-Setup-3.0.0.exe", status 404: 
    at ClientRequest.eval (webpack:///./node_modules/electron-updater/node_modules/builder-util-runtime/out/httpExecutor.js?:204:34)
    at ClientRequest.emit (events.js:315:20)
    at SimpleURLLoaderWrapper.<anonymous> (electron/js2c/browser_init.js:105:6816)
    at SimpleURLLoaderWrapper.emit (events.js:315:20)
[2023-07-05 15:03:39.097] [info]  version 2.0.0
[2023-07-05 15:03:42.044] [info]  checking-for-update undefined
[2023-07-05 15:03:47.763] [info]  update-available {
  tag: '3.0.0',
  version: '3.0.0',
  files: [
    {
      url: 'vuetify_au_app-Setup-3.0.0.exe',
      sha512: 'Av5jaQFNnMQMlQa0W8prop6Yh5hDAgYNS/D61Zm4Ab0rpG05Y7i7xEdW8HDPk74kj8nJ7RFzESz3eZJC4h6FRg==',
      size: 62022285
    }
  ],
  path: 'vuetify_au_app-Setup-3.0.0.exe',
  sha512: 'Av5jaQFNnMQMlQa0W8prop6Yh5hDAgYNS/D61Zm4Ab0rpG05Y7i7xEdW8HDPk74kj8nJ7RFzESz3eZJC4h6FRg==',
  releaseDate: '2023-07-05T08:56:28.214Z',
  releaseName: '3.0.0',
  releaseNotes: '<p>new version 3.0.0</p>'
}
[2023-07-05 15:03:48.676] [info]  error-4 Error: Cannot download "https://github.com/prajapatidk/vuetify_au_app/releases/download/3.0.0/vuetify_au_app-Setup-3.0.0.exe", status 404: 
    at ClientRequest.eval (webpack:///./node_modules/electron-updater/node_modules/builder-util-runtime/out/httpExecutor.js?:204:34)
    at ClientRequest.emit (events.js:315:20)
    at SimpleURLLoaderWrapper.<anonymous> (electron/js2c/browser_init.js:105:6816)
    at SimpleURLLoaderWrapper.emit (events.js:315:20)
[2023-07-05 15:05:11.669] [info]  version 2.0.0
[2023-07-05 15:05:14.605] [info]  checking-for-update undefined
[2023-07-05 15:05:20.300] [info]  update-available {
  tag: '3.0.0',
  version: '3.0.0',
  files: [
    {
      url: 'vuetify_au_app-Setup-3.0.0.exe',
      sha512: 'Av5jaQFNnMQMlQa0W8prop6Yh5hDAgYNS/D61Zm4Ab0rpG05Y7i7xEdW8HDPk74kj8nJ7RFzESz3eZJC4h6FRg==',
      size: 62022285
    }
  ],
  path: 'vuetify_au_app-Setup-3.0.0.exe',
  sha512: 'Av5jaQFNnMQMlQa0W8prop6Yh5hDAgYNS/D61Zm4Ab0rpG05Y7i7xEdW8HDPk74kj8nJ7RFzESz3eZJC4h6FRg==',
  releaseDate: '2023-07-05T08:56:28.214Z',
  releaseName: '3.0.0',
  releaseNotes: '<p>new version 3.0.0</p>'
}
[2023-07-05 15:05:21.135] [info]  error-4 Error: Cannot download "https://github.com/prajapatidk/vuetify_au_app/releases/download/3.0.0/vuetify_au_app-Setup-3.0.0.exe", status 404: 
    at ClientRequest.eval (webpack:///./node_modules/electron-updater/node_modules/builder-util-runtime/out/httpExecutor.js?:204:34)
    at ClientRequest.emit (events.js:315:20)
    at SimpleURLLoaderWrapper.<anonymous> (electron/js2c/browser_init.js:105:6816)
    at SimpleURLLoaderWrapper.emit (events.js:315:20)
[2023-07-05 15:05:43.731] [info]  version 2.0.0
[2023-07-05 15:05:46.733] [info]  checking-for-update undefined
[2023-07-05 15:05:51.577] [info]  update-available {
  tag: '3.0.0',
  version: '3.0.0',
  files: [
    {
      url: 'vuetify_au_app-Setup-3.0.0.exe',
      sha512: 'Av5jaQFNnMQMlQa0W8prop6Yh5hDAgYNS/D61Zm4Ab0rpG05Y7i7xEdW8HDPk74kj8nJ7RFzESz3eZJC4h6FRg==',
      size: 62022285
    }
  ],
  path: 'vuetify_au_app-Setup-3.0.0.exe',
  sha512: 'Av5jaQFNnMQMlQa0W8prop6Yh5hDAgYNS/D61Zm4Ab0rpG05Y7i7xEdW8HDPk74kj8nJ7RFzESz3eZJC4h6FRg==',
  releaseDate: '2023-07-05T08:56:28.214Z',
  releaseName: '3.0.0',
  releaseNotes: '<p>new version 3.0.0</p>'
}
[2023-07-05 15:05:52.149] [info]  error-4 Error: Cannot download "https://github.com/prajapatidk/vuetify_au_app/releases/download/3.0.0/vuetify_au_app-Setup-3.0.0.exe", status 404: 
    at ClientRequest.eval (webpack:///./node_modules/electron-updater/node_modules/builder-util-runtime/out/httpExecutor.js?:204:34)
    at ClientRequest.emit (events.js:315:20)
    at SimpleURLLoaderWrapper.<anonymous> (electron/js2c/browser_init.js:105:6816)
    at SimpleURLLoaderWrapper.emit (events.js:315:20)
[2023-07-05 15:07:08.620] [info]  version 2.0.0
[2023-07-05 15:07:11.668] [info]  checking-for-update undefined
[2023-07-05 15:07:16.663] [info]  update-available {
  tag: '3.0.0',
  version: '3.0.0',
  files: [
    {
      url: 'vuetify_au_app-Setup-3.0.0.exe',
      sha512: 'Av5jaQFNnMQMlQa0W8prop6Yh5hDAgYNS/D61Zm4Ab0rpG05Y7i7xEdW8HDPk74kj8nJ7RFzESz3eZJC4h6FRg==',
      size: 62022285
    }
  ],
  path: 'vuetify_au_app-Setup-3.0.0.exe',
  sha512: 'Av5jaQFNnMQMlQa0W8prop6Yh5hDAgYNS/D61Zm4Ab0rpG05Y7i7xEdW8HDPk74kj8nJ7RFzESz3eZJC4h6FRg==',
  releaseDate: '2023-07-05T08:56:28.214Z',
  releaseName: '3.0.0',
  releaseNotes: '<p>new version 3.0.0</p>'
}
[2023-07-05 15:07:17.651] [info]  error-4 Error: Cannot download "https://github.com/prajapatidk/vuetify_au_app/releases/download/3.0.0/vuetify_au_app-Setup-3.0.0.exe", status 404: 
    at ClientRequest.eval (webpack:///./node_modules/electron-updater/node_modules/builder-util-runtime/out/httpExecutor.js?:204:34)
    at ClientRequest.emit (events.js:315:20)
    at SimpleURLLoaderWrapper.<anonymous> (electron/js2c/browser_init.js:105:6816)
    at SimpleURLLoaderWrapper.emit (events.js:315:20)
[2023-07-05 15:08:53.146] [info]  version 2.0.0
[2023-07-05 15:08:56.087] [info]  checking-for-update undefined
[2023-07-05 15:09:01.530] [info]  update-available {
  tag: '3.0.0',
  version: '3.0.0',
  files: [
    {
      url: 'vuetify_au_app-Setup-3.0.0.exe',
      sha512: 'Av5jaQFNnMQMlQa0W8prop6Yh5hDAgYNS/D61Zm4Ab0rpG05Y7i7xEdW8HDPk74kj8nJ7RFzESz3eZJC4h6FRg==',
      size: 62022285
    }
  ],
  path: 'vuetify_au_app-Setup-3.0.0.exe',
  sha512: 'Av5jaQFNnMQMlQa0W8prop6Yh5hDAgYNS/D61Zm4Ab0rpG05Y7i7xEdW8HDPk74kj8nJ7RFzESz3eZJC4h6FRg==',
  releaseDate: '2023-07-05T08:56:28.214Z',
  releaseName: '3.0.0',
  releaseNotes: '<p>new version 3.0.0</p>'
}
[2023-07-05 15:09:02.323] [info]  error-4 Error: Cannot download "https://github.com/prajapatidk/vuetify_au_app/releases/download/3.0.0/vuetify_au_app-Setup-3.0.0.exe", status 404: 
    at ClientRequest.eval (webpack:///./node_modules/electron-updater/node_modules/builder-util-runtime/out/httpExecutor.js?:204:34)
    at ClientRequest.emit (events.js:315:20)
    at SimpleURLLoaderWrapper.<anonymous> (electron/js2c/browser_init.js:105:6816)
    at SimpleURLLoaderWrapper.emit (events.js:315:20)
[2023-07-05 15:11:08.869] [info]  version 2.0.0
[2023-07-05 15:11:11.882] [info]  checking-for-update undefined
[2023-07-05 15:11:17.551] [info]  update-available {
  tag: '3.0.0',
  version: '3.0.0',
  files: [
    {
      url: 'vuetify_au_app-Setup-3.0.0.exe',
      sha512: 'Av5jaQFNnMQMlQa0W8prop6Yh5hDAgYNS/D61Zm4Ab0rpG05Y7i7xEdW8HDPk74kj8nJ7RFzESz3eZJC4h6FRg==',
      size: 62022285
    }
  ],
  path: 'vuetify_au_app-Setup-3.0.0.exe',
  sha512: 'Av5jaQFNnMQMlQa0W8prop6Yh5hDAgYNS/D61Zm4Ab0rpG05Y7i7xEdW8HDPk74kj8nJ7RFzESz3eZJC4h6FRg==',
  releaseDate: '2023-07-05T08:56:28.214Z',
  releaseName: '3.0.0',
  releaseNotes: '<p>new version 3.0.0</p>'
}
[2023-07-05 15:11:18.439] [info]  error-4 Error: Cannot download "https://github.com/prajapatidk/vuetify_au_app/releases/download/3.0.0/vuetify_au_app-Setup-3.0.0.exe", status 404: 
    at ClientRequest.eval (webpack:///./node_modules/electron-updater/node_modules/builder-util-runtime/out/httpExecutor.js?:204:34)
    at ClientRequest.emit (events.js:315:20)
    at SimpleURLLoaderWrapper.<anonymous> (electron/js2c/browser_init.js:105:6816)
    at SimpleURLLoaderWrapper.emit (events.js:315:20)
[2023-07-05 15:17:11.175] [info]  version 2.0.0
[2023-07-05 15:17:14.193] [info]  checking-for-update undefined
[2023-07-05 15:17:19.974] [info]  update-available {
  tag: '3.0.0',
  version: '3.0.0',
  files: [
    {
      url: 'vuetify_au_app-Setup-3.0.0.exe',
      sha512: 'Av5jaQFNnMQMlQa0W8prop6Yh5hDAgYNS/D61Zm4Ab0rpG05Y7i7xEdW8HDPk74kj8nJ7RFzESz3eZJC4h6FRg==',
      size: 62022285
    }
  ],
  path: 'vuetify_au_app-Setup-3.0.0.exe',
  sha512: 'Av5jaQFNnMQMlQa0W8prop6Yh5hDAgYNS/D61Zm4Ab0rpG05Y7i7xEdW8HDPk74kj8nJ7RFzESz3eZJC4h6FRg==',
  releaseDate: '2023-07-05T08:56:28.214Z',
  releaseName: '3.0.0',
  releaseNotes: '<p>new version 3.0.0</p>'
}
[2023-07-05 15:17:20.758] [info]  error-4 Error: Cannot download "https://github.com/prajapatidk/vuetify_au_app/releases/download/3.0.0/vuetify_au_app-Setup-3.0.0.exe", status 404: 
    at ClientRequest.eval (webpack:///./node_modules/electron-updater/node_modules/builder-util-runtime/out/httpExecutor.js?:204:34)
    at ClientRequest.emit (events.js:315:20)
    at SimpleURLLoaderWrapper.<anonymous> (electron/js2c/browser_init.js:105:6816)
    at SimpleURLLoaderWrapper.emit (events.js:315:20)
[2023-07-05 15:22:29.797] [info]  version 1.0.0
[2023-07-05 15:22:32.891] [info]  checking-for-update undefined
[2023-07-05 15:22:34.344] [info]  update-available {
  version: '1.4.0',
  files: [
    {
      url: 'Provize Suite Setup 1.4.0.exe',
      sha512: 'dLMX9nxbiMXqvq2LBwAzrujgVhvTObOcJ1qzaCGrqT4EJZ2mIJ7B7XY7d4upGeYisSKfLiFx3U/4NFae10TiWA==',
      size: 73661015
    }
  ],
  path: 'Provize Suite Setup 1.4.0.exe',
  sha512: 'dLMX9nxbiMXqvq2LBwAzrujgVhvTObOcJ1qzaCGrqT4EJZ2mIJ7B7XY7d4upGeYisSKfLiFx3U/4NFae10TiWA==',
  releaseDate: '2023-07-05T05:53:00.372Z'
}
[2023-07-05 15:23:07.825] [info]  update-downloaded-6 {
  version: '1.4.0',
  files: [
    {
      url: 'Provize Suite Setup 1.4.0.exe',
      sha512: 'dLMX9nxbiMXqvq2LBwAzrujgVhvTObOcJ1qzaCGrqT4EJZ2mIJ7B7XY7d4upGeYisSKfLiFx3U/4NFae10TiWA==',
      size: 73661015
    }
  ],
  path: 'Provize Suite Setup 1.4.0.exe',
  sha512: 'dLMX9nxbiMXqvq2LBwAzrujgVhvTObOcJ1qzaCGrqT4EJZ2mIJ7B7XY7d4upGeYisSKfLiFx3U/4NFae10TiWA==',
  releaseDate: '2023-07-05T05:53:00.372Z',
  downloadedFile: 'C:\\Users\\deepak.kumar5\\AppData\\Local\\vuetify-au-update\\pending\\Provize Suite Setup 1.4.0.exe'
}
